<?tst-pi pi 1 ?>
<!-- comment 1 -->
<doc>
    <?tst-pi pi 2 ?>
    <!-- comment 2 -->
    <elem attr="attr value">elem content</elem>
</doc>
